2025-11-23 17:37:27,140 - backend.caching - INFO - Cache MISS for load_current_session:():{}. Fetching data...
2025-11-23 17:37:27,190 - fastf1.fastf1.req - WARNING - DEFAULT CACHE ENABLED! (24.0 KB) /root/.fastf1
2025-11-23 17:37:27,534 - backend.data_loader - INFO - Loading data for 2025 Round 22: Las Vegas Grand Prix
2025-11-23 17:37:27,559 - fastf1.fastf1.core - INFO - Loading data for Las Vegas Grand Prix - Race [v3.6.1]
2025-11-23 17:37:27,562 - fastf1.fastf1.req - INFO - No cached data found for session_info. Loading data...
2025-11-23 17:37:27,563 - fastf1.api - INFO - Fetching session info data...
2025-11-23 17:37:27,693 - fastf1.fastf1.req - INFO - Data has been written to cache!
2025-11-23 17:37:27,695 - fastf1.fastf1.req - INFO - No cached data found for driver_info. Loading data...
2025-11-23 17:37:27,696 - fastf1.api - INFO - Fetching driver list...
2025-11-23 17:37:27,939 - fastf1.fastf1.req - INFO - Data has been written to cache!
2025-11-23 17:37:28,760 - fastf1.fastf1.core - WARNING - Failed to load result data from Ergast!
2025-11-23 17:37:28,761 - fastf1.fastf1.core - DEBUG - Traceback for failure in ergast result data
Traceback (most recent call last):
  File "/usr/local/lib/python3.9/site-packages/fastf1/logger.py", line 151, in __wrapped
    return func(*args, **kwargs)
  File "/usr/local/lib/python3.9/site-packages/fastf1/core.py", line 2463, in _get_data
    return self._ergast.get_race_results(
  File "/usr/local/lib/python3.9/site-packages/fastf1/ergast/interface.py", line 1059, in get_race_results
    return self._build_default_result(endpoint='results',
  File "/usr/local/lib/python3.9/site-packages/fastf1/ergast/interface.py", line 591, in _build_default_result
    return self._build_result(
  File "/usr/local/lib/python3.9/site-packages/fastf1/ergast/interface.py", line 557, in _build_result
    return ErgastMultiResponse(
  File "/usr/local/lib/python3.9/site-packages/fastf1/ergast/interface.py", line 349, in __init__
    self._content = [ErgastResultFrame(response=elem,
  File "/usr/local/lib/python3.9/site-packages/fastf1/ergast/interface.py", line 349, in <listcomp>
    self._content = [ErgastResultFrame(response=elem,
  File "/usr/local/lib/python3.9/site-packages/fastf1/ergast/interface.py", line 138, in __init__
    data = self._prepare_response(response, category, auto_cast)
  File "/usr/local/lib/python3.9/site-packages/fastf1/ergast/interface.py", line 145, in _prepare_response
    _, data[i] = cls._flatten_element(data[i], category, cast)
  File "/usr/local/lib/python3.9/site-packages/fastf1/ergast/interface.py", line 158, in _flatten_element
    category['method'](nested, category, flat, cast=cast)
  File "/usr/local/lib/python3.9/site-packages/fastf1/ergast/structure.py", line 155, in _flatten_by_rename
    value = mapping['type'](value)
  File "/usr/local/lib/python3.9/site-packages/fastf1/ergast/structure.py", line 109, in save_int
    if re.match(r'^[+-]?\d+$', i_str):
  File "/usr/local/lib/python3.9/re.py", line 191, in match
    return _compile(pattern, flags).match(string)
TypeError: expected string or bytes-like object
2025-11-23 17:37:28,765 - fastf1.fastf1.core - WARNING - No result data for this session available on Ergast! (This is expected for recent sessions)
2025-11-23 17:37:28,790 - fastf1.fastf1.req - INFO - No cached data found for session_status_data. Loading data...
2025-11-23 17:37:28,791 - fastf1.api - INFO - Fetching session status data...
2025-11-23 17:37:28,891 - fastf1.fastf1.req - INFO - Data has been written to cache!
2025-11-23 17:37:28,893 - fastf1.fastf1.req - INFO - No cached data found for lap_count. Loading data...
2025-11-23 17:37:28,894 - fastf1.api - INFO - Fetching lap count data...
2025-11-23 17:37:29,167 - fastf1.fastf1.req - INFO - Data has been written to cache!
2025-11-23 17:37:29,172 - fastf1.fastf1.req - INFO - No cached data found for track_status_data. Loading data...
2025-11-23 17:37:29,174 - fastf1.api - INFO - Fetching track status data...
2025-11-23 17:37:29,413 - fastf1.fastf1.req - INFO - Data has been written to cache!
2025-11-23 17:37:29,417 - fastf1.fastf1.req - INFO - No cached data found for _extended_timing_data. Loading data...
2025-11-23 17:37:29,419 - fastf1.api - INFO - Fetching timing data...
2025-11-23 17:37:30,529 - fastf1.api - INFO - Parsing timing data...
2025-11-23 17:37:31,660 - fastf1.api - WARNING - Failed to align laps for drivers: ['5']
2025-11-23 17:37:31,718 - fastf1.fastf1.req - INFO - Data has been written to cache!
2025-11-23 17:37:31,720 - fastf1.fastf1.req - INFO - No cached data found for timing_app_data. Loading data...
2025-11-23 17:37:31,721 - fastf1.api - INFO - Fetching timing app data...
2025-11-23 17:37:31,829 - fastf1.fastf1.req - INFO - Data has been written to cache!
2025-11-23 17:37:31,837 - fastf1.fastf1.core - INFO - Processing timing data...
2025-11-23 17:37:31,971 - fastf1.fastf1.core - WARNING - Fixed incorrect tyre stint information for driver '63'
2025-11-23 17:37:33,042 - fastf1.fastf1.req - INFO - No cached data found for car_data. Loading data...
2025-11-23 17:37:33,043 - fastf1.api - INFO - Fetching car data...
2025-11-23 17:37:33,724 - fastf1.api - INFO - Parsing car data...
2025-11-23 17:37:38,155 - fastf1.api - WARNING - Driver 11: Car data is incomplete!
2025-11-23 17:37:38,178 - fastf1.api - WARNING - Driver 20: Car data is incomplete!
2025-11-23 17:37:38,196 - fastf1.api - WARNING - Driver 24: Car data is incomplete!
2025-11-23 17:37:38,226 - fastf1.api - WARNING - Driver 77: Car data is incomplete!
2025-11-23 17:37:38,246 - fastf1.api - WARNING - Driver  5: Car data is incomplete!
2025-11-23 17:37:38,262 - fastf1.api - WARNING - Driver  6: Car data is incomplete!
2025-11-23 17:37:38,275 - fastf1.api - WARNING - Driver 12: Car data is incomplete!
2025-11-23 17:37:38,291 - fastf1.api - WARNING - Driver 87: Car data is incomplete!
2025-11-23 17:37:38,388 - fastf1.fastf1.req - INFO - Data has been written to cache!
2025-11-23 17:37:38,389 - fastf1.fastf1.req - INFO - No cached data found for position_data. Loading data...
2025-11-23 17:37:38,390 - fastf1.api - INFO - Fetching position data...
2025-11-23 17:37:39,097 - fastf1.api - INFO - Parsing position data...
2025-11-23 17:37:43,163 - fastf1.api - WARNING - Driver 11: Position data is incomplete!
2025-11-23 17:37:43,179 - fastf1.api - WARNING - Driver 20: Position data is incomplete!
2025-11-23 17:37:43,194 - fastf1.api - WARNING - Driver 24: Position data is incomplete!
2025-11-23 17:37:43,211 - fastf1.api - WARNING - Driver 77: Position data is incomplete!
2025-11-23 17:37:43,233 - fastf1.api - WARNING - Driver  5: Position data is incomplete!
2025-11-23 17:37:43,249 - fastf1.api - WARNING - Driver  6: Position data is incomplete!
2025-11-23 17:37:43,263 - fastf1.api - WARNING - Driver 12: Position data is incomplete!
2025-11-23 17:37:43,280 - fastf1.api - WARNING - Driver 87: Position data is incomplete!
2025-11-23 17:37:43,629 - fastf1.fastf1.req - INFO - Data has been written to cache!
2025-11-23 17:37:45,663 - fastf1.fastf1.req - INFO - No cached data found for weather_data. Loading data...
2025-11-23 17:37:45,665 - fastf1.api - INFO - Fetching weather data...
2025-11-23 17:37:45,751 - fastf1.fastf1.req - INFO - Data has been written to cache!
2025-11-23 17:37:45,755 - fastf1.fastf1.req - INFO - No cached data found for race_control_messages. Loading data...
2025-11-23 17:37:45,756 - fastf1.api - INFO - Fetching race control messages...
2025-11-23 17:37:46,047 - fastf1.fastf1.req - INFO - Data has been written to cache!
2025-11-23 17:37:46,128 - fastf1.fastf1.core - INFO - Finished loading data for 20 drivers: ['1', '4', '63', '12', '81', '16', '55', '6', '27', '44', '31', '87', '14', '22', '10', '30', '43', '23', '5', '18']
2025-11-23 17:37:46,149 - backend.caching - INFO - Cache MISS for get_car_telemetry:(2025 Season Round 22: Las Vegas Grand Prix - Race, 'VER'):{}. Fetching data...
2025-11-23 17:37:46,884 - backend.data_loader - ERROR - Error fetching telemetry for VER: "['Gear'] not in index"
2025-11-23 17:38:12,120 - backend.caching - INFO - Cache HIT for load_current_session:():{}
2025-11-23 17:38:12,154 - backend.caching - INFO - Cache HIT for get_car_telemetry:(2025 Season Round 22: Las Vegas Grand Prix - Race, 'VER'):{}
2025-11-23 17:38:12,307 - backend.caching - INFO - Cache HIT for load_current_session:():{}
2025-11-23 17:38:12,325 - backend.caching - INFO - Cache HIT for get_car_telemetry:(2025 Season Round 22: Las Vegas Grand Prix - Race, 'VER'):{}
2025-11-23 17:38:21,446 - backend.caching - INFO - Cache HIT for load_current_session:():{}
2025-11-23 17:38:32,090 - backend.caching - INFO - Cache HIT for load_current_session:():{}
2025-11-23 17:38:50,024 - backend.caching - INFO - Cache HIT for load_current_session:():{}
2025-11-23 17:38:50,048 - backend.caching - INFO - Cache EXPIRED for get_car_telemetry:(2025 Season Round 22: Las Vegas Grand Prix - Race, 'VER'):{}
2025-11-23 17:38:50,049 - backend.caching - INFO - Cache MISS for get_car_telemetry:(2025 Season Round 22: Las Vegas Grand Prix - Race, 'VER'):{}. Fetching data...
2025-11-23 17:38:50,458 - backend.data_loader - ERROR - Error fetching telemetry for VER: "['Gear'] not in index"
2025-11-23 17:39:10,575 - backend.caching - INFO - Cache HIT for load_current_session:():{}
2025-11-23 17:39:10,606 - backend.caching - INFO - Cache MISS for get_car_telemetry:(2025 Season Round 22: Las Vegas Grand Prix - Race, 'NOR'):{}. Fetching data...
2025-11-23 17:39:11,015 - backend.data_loader - ERROR - Error fetching telemetry for NOR: "['Gear'] not in index"
2025-11-23 17:48:27,518 - backend.caching - INFO - Cache MISS for get_driver_standings_history:(2025,):{}. Fetching data...
2025-11-23 17:48:31,781 - backend.historical_data - ERROR - Error fetching driver standings for 2025: HTTPConnectionPool(host='ergast.com', port=80): Max retries exceeded with url: /api/f1/2025/driverStandings.json?limit=100 (Caused by NewConnectionError('<urllib3.connection.HTTPConnection object at 0x7fcc2168a130>: Failed to establish a new connection: [Errno 111] Connection refused'))
2025-11-23 17:48:31,792 - backend.caching - INFO - Cache MISS for get_constructor_standings_history:(2025,):{}. Fetching data...
2025-11-23 17:48:34,908 - backend.historical_data - ERROR - Error fetching constructor standings for 2025: HTTPConnectionPool(host='ergast.com', port=80): Max retries exceeded with url: /api/f1/2025/constructorStandings.json?limit=100 (Caused by NewConnectionError('<urllib3.connection.HTTPConnection object at 0x7fcbcffb3a00>: Failed to establish a new connection: [Errno 111] Connection refused'))
2025-11-23 17:48:34,917 - backend.caching - INFO - Cache MISS for get_season_races:(2025,):{}. Fetching data...
2025-11-23 17:48:38,065 - backend.historical_data - ERROR - Error fetching season races for 2025: HTTPConnectionPool(host='ergast.com', port=80): Max retries exceeded with url: /api/f1/2025/results/1.json?limit=100 (Caused by NewConnectionError('<urllib3.connection.HTTPConnection object at 0x7fcbcff41730>: Failed to establish a new connection: [Errno 111] Connection refused'))
2025-11-23 17:48:45,394 - backend.caching - INFO - Cache MISS for get_driver_standings_history:(2024,):{}. Fetching data...
2025-11-23 17:48:48,555 - backend.historical_data - ERROR - Error fetching driver standings for 2024: HTTPConnectionPool(host='ergast.com', port=80): Max retries exceeded with url: /api/f1/2024/driverStandings.json?limit=100 (Caused by NewConnectionError('<urllib3.connection.HTTPConnection object at 0x7fcbcff4a3d0>: Failed to establish a new connection: [Errno 111] Connection refused'))
2025-11-23 17:48:48,574 - backend.caching - INFO - Cache MISS for get_constructor_standings_history:(2024,):{}. Fetching data...
2025-11-23 17:48:51,686 - backend.historical_data - ERROR - Error fetching constructor standings for 2024: HTTPConnectionPool(host='ergast.com', port=80): Max retries exceeded with url: /api/f1/2024/constructorStandings.json?limit=100 (Caused by NewConnectionError('<urllib3.connection.HTTPConnection object at 0x7fcbcff7f100>: Failed to establish a new connection: [Errno 111] Connection refused'))
2025-11-23 17:48:51,695 - backend.caching - INFO - Cache MISS for get_season_races:(2024,):{}. Fetching data...
2025-11-23 17:48:54,841 - backend.historical_data - ERROR - Error fetching season races for 2024: HTTPConnectionPool(host='ergast.com', port=80): Max retries exceeded with url: /api/f1/2024/results/1.json?limit=100 (Caused by NewConnectionError('<urllib3.connection.HTTPConnection object at 0x7fcbcff7f970>: Failed to establish a new connection: [Errno 111] Connection refused'))
2025-11-23 17:48:56,228 - backend.caching - INFO - Cache MISS for get_driver_standings_history:(2020,):{}. Fetching data...
2025-11-23 17:48:59,355 - backend.historical_data - ERROR - Error fetching driver standings for 2020: HTTPConnectionPool(host='ergast.com', port=80): Max retries exceeded with url: /api/f1/2020/driverStandings.json?limit=100 (Caused by NewConnectionError('<urllib3.connection.HTTPConnection object at 0x7fcbcff41130>: Failed to establish a new connection: [Errno 111] Connection refused'))
2025-11-23 17:48:59,361 - backend.caching - INFO - Cache MISS for get_constructor_standings_history:(2020,):{}. Fetching data...
2025-11-23 17:49:02,522 - backend.historical_data - ERROR - Error fetching constructor standings for 2020: HTTPConnectionPool(host='ergast.com', port=80): Max retries exceeded with url: /api/f1/2020/constructorStandings.json?limit=100 (Caused by NewConnectionError('<urllib3.connection.HTTPConnection object at 0x7fcbcff79220>: Failed to establish a new connection: [Errno 111] Connection refused'))
2025-11-23 17:49:02,531 - backend.caching - INFO - Cache MISS for get_season_races:(2020,):{}. Fetching data...
2025-11-23 17:49:05,658 - backend.historical_data - ERROR - Error fetching season races for 2020: HTTPConnectionPool(host='ergast.com', port=80): Max retries exceeded with url: /api/f1/2020/results/1.json?limit=100 (Caused by NewConnectionError('<urllib3.connection.HTTPConnection object at 0x7fcbcff7fee0>: Failed to establish a new connection: [Errno 111] Connection refused'))
2025-11-23 17:56:26,622 - backend.caching - INFO - Cache MISS for get_driver_standings_history:(2025,):{}. Fetching data...
2025-11-23 17:56:28,295 - backend.caching - INFO - Cache MISS for get_constructor_standings_history:(2025,):{}. Fetching data...
2025-11-23 17:56:29,334 - backend.caching - INFO - Cache MISS for get_season_races:(2025,):{}. Fetching data...
2025-11-23 17:56:45,246 - backend.caching - INFO - Cache MISS for get_driver_standings_history:(2024,):{}. Fetching data...
2025-11-23 17:56:46,469 - backend.caching - INFO - Cache MISS for get_constructor_standings_history:(2024,):{}. Fetching data...
2025-11-23 17:56:47,516 - backend.caching - INFO - Cache MISS for get_season_races:(2024,):{}. Fetching data...
2025-11-23 17:57:06,700 - backend.caching - INFO - Cache MISS for get_driver_standings_history:(2021,):{}. Fetching data...
2025-11-23 17:57:07,970 - backend.caching - INFO - Cache MISS for get_constructor_standings_history:(2021,):{}. Fetching data...
2025-11-23 17:57:09,038 - backend.caching - INFO - Cache MISS for get_season_races:(2021,):{}. Fetching data...
2025-11-23 17:57:13,842 - backend.caching - INFO - Cache MISS for get_driver_standings_history:(2020,):{}. Fetching data...
2025-11-23 17:57:14,988 - backend.caching - INFO - Cache MISS for get_constructor_standings_history:(2020,):{}. Fetching data...
2025-11-23 17:57:16,108 - backend.caching - INFO - Cache MISS for get_season_races:(2020,):{}. Fetching data...
2025-11-23 17:57:49,748 - backend.caching - INFO - Cache MISS for load_current_session:():{}. Fetching data...
2025-11-23 17:57:49,826 - fastf1.fastf1.req - WARNING - DEFAULT CACHE ENABLED! (24.0 KB) /root/.fastf1
2025-11-23 17:57:50,254 - backend.data_loader - INFO - Loading data for 2025 Round 22: Las Vegas Grand Prix
2025-11-23 17:57:50,284 - fastf1.fastf1.core - INFO - Loading data for Las Vegas Grand Prix - Race [v3.6.1]
2025-11-23 17:57:50,289 - fastf1.fastf1.req - INFO - No cached data found for session_info. Loading data...
2025-11-23 17:57:50,293 - fastf1.api - INFO - Fetching session info data...
2025-11-23 17:57:50,393 - fastf1.fastf1.req - INFO - Data has been written to cache!
2025-11-23 17:57:50,395 - fastf1.fastf1.req - INFO - No cached data found for driver_info. Loading data...
2025-11-23 17:57:50,396 - fastf1.api - INFO - Fetching driver list...
2025-11-23 17:57:50,656 - fastf1.fastf1.req - INFO - Data has been written to cache!
2025-11-23 17:57:51,449 - fastf1.fastf1.core - WARNING - Failed to load result data from Ergast!
2025-11-23 17:57:51,450 - fastf1.fastf1.core - DEBUG - Traceback for failure in ergast result data
Traceback (most recent call last):
  File "/usr/local/lib/python3.9/site-packages/fastf1/logger.py", line 151, in __wrapped
    return func(*args, **kwargs)
  File "/usr/local/lib/python3.9/site-packages/fastf1/core.py", line 2463, in _get_data
    return self._ergast.get_race_results(
  File "/usr/local/lib/python3.9/site-packages/fastf1/ergast/interface.py", line 1059, in get_race_results
    return self._build_default_result(endpoint='results',
  File "/usr/local/lib/python3.9/site-packages/fastf1/ergast/interface.py", line 591, in _build_default_result
    return self._build_result(
  File "/usr/local/lib/python3.9/site-packages/fastf1/ergast/interface.py", line 557, in _build_result
    return ErgastMultiResponse(
  File "/usr/local/lib/python3.9/site-packages/fastf1/ergast/interface.py", line 349, in __init__
    self._content = [ErgastResultFrame(response=elem,
  File "/usr/local/lib/python3.9/site-packages/fastf1/ergast/interface.py", line 349, in <listcomp>
    self._content = [ErgastResultFrame(response=elem,
  File "/usr/local/lib/python3.9/site-packages/fastf1/ergast/interface.py", line 138, in __init__
    data = self._prepare_response(response, category, auto_cast)
  File "/usr/local/lib/python3.9/site-packages/fastf1/ergast/interface.py", line 145, in _prepare_response
    _, data[i] = cls._flatten_element(data[i], category, cast)
  File "/usr/local/lib/python3.9/site-packages/fastf1/ergast/interface.py", line 158, in _flatten_element
    category['method'](nested, category, flat, cast=cast)
  File "/usr/local/lib/python3.9/site-packages/fastf1/ergast/structure.py", line 155, in _flatten_by_rename
    value = mapping['type'](value)
  File "/usr/local/lib/python3.9/site-packages/fastf1/ergast/structure.py", line 109, in save_int
    if re.match(r'^[+-]?\d+$', i_str):
  File "/usr/local/lib/python3.9/re.py", line 191, in match
    return _compile(pattern, flags).match(string)
TypeError: expected string or bytes-like object
2025-11-23 17:57:51,463 - fastf1.fastf1.core - WARNING - No result data for this session available on Ergast! (This is expected for recent sessions)
2025-11-23 17:57:51,482 - fastf1.fastf1.req - INFO - No cached data found for session_status_data. Loading data...
2025-11-23 17:57:51,483 - fastf1.api - INFO - Fetching session status data...
2025-11-23 17:57:51,543 - fastf1.fastf1.req - INFO - Data has been written to cache!
2025-11-23 17:57:51,548 - fastf1.fastf1.req - INFO - No cached data found for lap_count. Loading data...
2025-11-23 17:57:51,549 - fastf1.api - INFO - Fetching lap count data...
2025-11-23 17:57:51,830 - fastf1.fastf1.req - INFO - Data has been written to cache!
2025-11-23 17:57:51,832 - fastf1.fastf1.req - INFO - No cached data found for track_status_data. Loading data...
2025-11-23 17:57:51,833 - fastf1.api - INFO - Fetching track status data...
2025-11-23 17:57:52,077 - fastf1.fastf1.req - INFO - Data has been written to cache!
2025-11-23 17:57:52,080 - fastf1.fastf1.req - INFO - No cached data found for _extended_timing_data. Loading data...
2025-11-23 17:57:52,081 - fastf1.api - INFO - Fetching timing data...
2025-11-23 17:57:53,223 - fastf1.api - INFO - Parsing timing data...
2025-11-23 17:57:54,164 - fastf1.api - WARNING - Failed to align laps for drivers: ['5']
2025-11-23 17:57:54,214 - fastf1.fastf1.req - INFO - Data has been written to cache!
2025-11-23 17:57:54,215 - fastf1.fastf1.req - INFO - No cached data found for timing_app_data. Loading data...
2025-11-23 17:57:54,216 - fastf1.api - INFO - Fetching timing app data...
2025-11-23 17:57:54,382 - fastf1.fastf1.req - INFO - Data has been written to cache!
2025-11-23 17:57:54,383 - fastf1.fastf1.core - INFO - Processing timing data...
2025-11-23 17:57:54,526 - fastf1.fastf1.core - WARNING - Fixed incorrect tyre stint information for driver '63'
2025-11-23 17:57:55,589 - fastf1.fastf1.req - INFO - No cached data found for car_data. Loading data...
2025-11-23 17:57:55,591 - fastf1.api - INFO - Fetching car data...
2025-11-23 17:57:56,217 - fastf1.api - INFO - Parsing car data...
2025-11-23 17:58:00,361 - fastf1.api - WARNING - Driver 11: Car data is incomplete!
2025-11-23 17:58:00,384 - fastf1.api - WARNING - Driver 20: Car data is incomplete!
2025-11-23 17:58:00,401 - fastf1.api - WARNING - Driver 24: Car data is incomplete!
2025-11-23 17:58:00,445 - fastf1.api - WARNING - Driver 77: Car data is incomplete!
2025-11-23 17:58:00,483 - fastf1.api - WARNING - Driver  5: Car data is incomplete!
2025-11-23 17:58:00,506 - fastf1.api - WARNING - Driver  6: Car data is incomplete!
2025-11-23 17:58:00,537 - fastf1.api - WARNING - Driver 12: Car data is incomplete!
2025-11-23 17:58:00,550 - fastf1.api - WARNING - Driver 87: Car data is incomplete!
2025-11-23 17:58:00,635 - fastf1.fastf1.req - INFO - Data has been written to cache!
2025-11-23 17:58:00,636 - fastf1.fastf1.req - INFO - No cached data found for position_data. Loading data...
2025-11-23 17:58:00,637 - fastf1.api - INFO - Fetching position data...
2025-11-23 17:58:01,321 - fastf1.api - INFO - Parsing position data...
2025-11-23 17:58:05,343 - fastf1.api - WARNING - Driver 11: Position data is incomplete!
2025-11-23 17:58:05,355 - fastf1.api - WARNING - Driver 20: Position data is incomplete!
2025-11-23 17:58:05,380 - fastf1.api - WARNING - Driver 24: Position data is incomplete!
2025-11-23 17:58:05,397 - fastf1.api - WARNING - Driver 77: Position data is incomplete!
2025-11-23 17:58:05,419 - fastf1.api - WARNING - Driver  5: Position data is incomplete!
2025-11-23 17:58:05,453 - fastf1.api - WARNING - Driver  6: Position data is incomplete!
2025-11-23 17:58:05,481 - fastf1.api - WARNING - Driver 12: Position data is incomplete!
2025-11-23 17:58:05,507 - fastf1.api - WARNING - Driver 87: Position data is incomplete!
2025-11-23 17:58:05,904 - fastf1.fastf1.req - INFO - Data has been written to cache!
2025-11-23 17:58:08,236 - fastf1.fastf1.req - INFO - No cached data found for weather_data. Loading data...
2025-11-23 17:58:08,237 - fastf1.api - INFO - Fetching weather data...
2025-11-23 17:58:08,335 - fastf1.fastf1.req - INFO - Data has been written to cache!
2025-11-23 17:58:08,339 - fastf1.fastf1.req - INFO - No cached data found for race_control_messages. Loading data...
2025-11-23 17:58:08,341 - fastf1.api - INFO - Fetching race control messages...
2025-11-23 17:58:08,604 - fastf1.fastf1.req - INFO - Data has been written to cache!
2025-11-23 17:58:08,672 - fastf1.fastf1.core - INFO - Finished loading data for 20 drivers: ['1', '4', '63', '12', '81', '16', '55', '6', '27', '44', '31', '87', '14', '22', '10', '30', '43', '23', '5', '18']
2025-11-23 17:58:28,105 - backend.caching - INFO - Cache HIT for load_current_session:():{}
2025-11-23 17:58:38,875 - backend.caching - INFO - Cache HIT for get_driver_standings_history:(2025,):{}
2025-11-23 17:58:39,029 - backend.caching - INFO - Cache HIT for get_constructor_standings_history:(2025,):{}
2025-11-23 17:58:39,122 - backend.caching - INFO - Cache HIT for get_season_races:(2025,):{}
2025-11-23 17:58:41,477 - backend.caching - INFO - Cache HIT for load_current_session:():{}
2025-11-23 18:00:13,651 - backend.caching - INFO - Cache HIT for load_current_session:():{}
2025-11-23 18:00:13,676 - backend.caching - INFO - Cache MISS for get_car_telemetry:(2025 Season Round 22: Las Vegas Grand Prix - Race, 'VER'):{}. Fetching data...
2025-11-23 18:00:14,049 - backend.data_loader - ERROR - Error fetching telemetry for VER: "['Gear'] not in index"
